<?xml version="1.0" encoding="UTF-8"?>
<testng-results skipped="0" failed="0" ignored="0" total="2" passed="2">
  <reporter-output>
  </reporter-output>
  <suite name="Default suite" duration-ms="30074" started-at="2021-11-02T12:35:28 IST" finished-at="2021-11-02T12:35:58 IST">
    <groups>
    </groups>
    <test name="Default test" duration-ms="30074" started-at="2021-11-02T12:35:28 IST" finished-at="2021-11-02T12:35:58 IST">
      <class name="com.demoTestcases.Testcase1">
        <test-method status="PASS" signature="configBS()[pri:0, instance:com.demoTestcases.Testcase1@6eceb130]" name="configBS" is-config="true" duration-ms="10" started-at="2021-11-02T12:35:28 IST" finished-at="2021-11-02T12:35:28 IST">
          <reporter-output>
          </reporter-output>
        </test-method> <!-- configBS -->
        <test-method status="PASS" signature="configBT()[pri:0, instance:com.demoTestcases.Testcase1@6eceb130]" name="configBT" is-config="true" duration-ms="0" started-at="2021-11-02T12:35:28 IST" finished-at="2021-11-02T12:35:28 IST">
          <reporter-output>
          </reporter-output>
        </test-method> <!-- configBT -->
        <test-method status="PASS" signature="configBC()[pri:0, instance:com.demoTestcases.Testcase1@6eceb130]" name="configBC" is-config="true" duration-ms="13990" started-at="2021-11-02T12:35:28 IST" finished-at="2021-11-02T12:35:42 IST">
          <reporter-output>
          </reporter-output>
        </test-method> <!-- configBC -->
        <test-method status="PASS" signature="configBM()[pri:0, instance:com.demoTestcases.Testcase1@6eceb130]" name="configBM" is-config="true" duration-ms="902" started-at="2021-11-02T12:35:42 IST" finished-at="2021-11-02T12:35:43 IST">
          <reporter-output>
          </reporter-output>
        </test-method> <!-- configBM -->
        <test-method status="PASS" signature="sample()[pri:0, instance:com.demoTestcases.Testcase1@6eceb130]" name="sample" duration-ms="21" started-at="2021-11-02T12:35:43 IST" finished-at="2021-11-02T12:35:43 IST">
          <reporter-output>
          </reporter-output>
        </test-method> <!-- sample -->
        <test-method status="PASS" signature="configAM()[pri:0, instance:com.demoTestcases.Testcase1@6eceb130]" name="configAM" is-config="true" duration-ms="8655" started-at="2021-11-02T12:35:43 IST" finished-at="2021-11-02T12:35:51 IST">
          <reporter-output>
          </reporter-output>
        </test-method> <!-- configAM -->
        <test-method status="PASS" signature="configBM()[pri:0, instance:com.demoTestcases.Testcase1@6eceb130]" name="configBM" is-config="true" duration-ms="320" started-at="2021-11-02T12:35:51 IST" finished-at="2021-11-02T12:35:52 IST">
          <reporter-output>
          </reporter-output>
        </test-method> <!-- configBM -->
        <test-method status="PASS" signature="sample1()[pri:0, instance:com.demoTestcases.Testcase1@6eceb130]" name="sample1" duration-ms="2" started-at="2021-11-02T12:35:52 IST" finished-at="2021-11-02T12:35:52 IST">
          <reporter-output>
          </reporter-output>
        </test-method> <!-- sample1 -->
        <test-method status="PASS" signature="configAM()[pri:0, instance:com.demoTestcases.Testcase1@6eceb130]" name="configAM" is-config="true" duration-ms="5242" started-at="2021-11-02T12:35:52 IST" finished-at="2021-11-02T12:35:57 IST">
          <reporter-output>
          </reporter-output>
        </test-method> <!-- configAM -->
        <test-method status="PASS" signature="configAC()[pri:0, instance:com.demoTestcases.Testcase1@6eceb130]" name="configAC" is-config="true" duration-ms="839" started-at="2021-11-02T12:35:57 IST" finished-at="2021-11-02T12:35:58 IST">
          <reporter-output>
          </reporter-output>
        </test-method> <!-- configAC -->
        <test-method status="PASS" signature="configAT()[pri:0, instance:com.demoTestcases.Testcase1@6eceb130]" name="configAT" is-config="true" duration-ms="0" started-at="2021-11-02T12:35:58 IST" finished-at="2021-11-02T12:35:58 IST">
          <reporter-output>
          </reporter-output>
        </test-method> <!-- configAT -->
        <test-method status="PASS" signature="configAs()[pri:0, instance:com.demoTestcases.Testcase1@6eceb130]" name="configAs" is-config="true" duration-ms="1" started-at="2021-11-02T12:35:58 IST" finished-at="2021-11-02T12:35:58 IST">
          <reporter-output>
          </reporter-output>
        </test-method> <!-- configAs -->
      </class> <!-- com.demoTestcases.Testcase1 -->
    </test> <!-- Default test -->
  </suite> <!-- Default suite -->
</testng-results>
